{
  "RSpec": {
    "coverage": {
      "/Users/tony/Code/Labs/onuwoe/spec/controllers/games_controller_spec.rb": [
        1,
        null,
        1,
        null,
        5,
        null,
        1,
        4,
        null,
        4,
        4,
        4,
        4,
        4,
        4,
        4,
        null,
        null,
        1,
        1,
        1,
        1,
        2,
        null,
        1,
        1,
        1,
        null,
        1,
        1,
        null,
        null,
        1,
        1,
        1,
        null,
        1,
        null,
        null,
        null,
        1,
        3,
        null,
        1,
        1,
        null,
        1,
        null,
        null,
        1,
        1,
        6,
        6,
        null,
        1,
        1,
        null,
        1,
        null,
        1,
        null,
        null,
        null
      ],
      "/Users/tony/Code/Labs/onuwoe/spec/rails_helper.rb": [
        null,
        1,
        1,
        null,
        1,
        1,
        1,
        1,
        null,
        null,
        null,
        null,
        null,
        null,
        null,
        null,
        null,
        null,
        null,
        null,
        null,
        null,
        null,
        null,
        null,
        null,
        null,
        1,
        null,
        1,
        null,
        1,
        null,
        null,
        null,
        null,
        1,
        null,
        null,
        null,
        null,
        null,
        null,
        null,
        null,
        null,
        null,
        null,
        null,
        null,
        null,
        1,
        null,
        null,
        1,
        null,
        null,
        null
      ],
      "/Users/tony/Code/Labs/onuwoe/config/environment.rb": [
        null,
        1,
        null,
        null,
        1
      ],
      "/Users/tony/Code/Labs/onuwoe/config/application.rb": [
        1,
        null,
        1,
        null,
        null,
        null,
        1,
        null,
        1,
        1,
        null,
        null,
        null,
        null,
        null
      ],
      "/Users/tony/Code/Labs/onuwoe/config/boot.rb": [
        1,
        null,
        1
      ],
      "/Users/tony/Code/Labs/onuwoe/config/environments/test.rb": [
        1,
        null,
        null,
        null,
        null,
        null,
        null,
        1,
        null,
        null,
        null,
        null,
        1,
        null,
        null,
        1,
        1,
        null,
        null,
        null,
        null,
        1,
        1,
        null,
        null,
        1,
        null,
        null,
        1,
        1,
        null,
        null,
        null,
        null,
        1,
        null,
        null,
        1,
        null,
        null,
        null,
        null
      ],
      "/Users/tony/Code/Labs/onuwoe/config/initializers/application_controller_renderer.rb": [
        null,
        null,
        null,
        null,
        null,
        null
      ],
      "/Users/tony/Code/Labs/onuwoe/config/initializers/assets.rb": [
        null,
        null,
        null,
        1,
        null,
        null,
        null,
        null,
        null,
        null,
        null
      ],
      "/Users/tony/Code/Labs/onuwoe/config/initializers/backtrace_silencers.rb": [
        null,
        null,
        null,
        null,
        null,
        null,
        null
      ],
      "/Users/tony/Code/Labs/onuwoe/config/initializers/cookies_serializer.rb": [
        null,
        null,
        null,
        null,
        1
      ],
      "/Users/tony/Code/Labs/onuwoe/config/initializers/filter_parameter_logging.rb": [
        null,
        null,
        null,
        1
      ],
      "/Users/tony/Code/Labs/onuwoe/config/initializers/inflections.rb": [
        null,
        null,
        null,
        null,
        null,
        null,
        null,
        null,
        null,
        null,
        null,
        null,
        null,
        null,
        null,
        null
      ],
      "/Users/tony/Code/Labs/onuwoe/config/initializers/mime_types.rb": [
        null,
        null,
        null,
        null
      ],
      "/Users/tony/Code/Labs/onuwoe/config/initializers/new_framework_defaults.rb": [
        null,
        null,
        null,
        null,
        null,
        null,
        null,
        1,
        null,
        null,
        1,
        null,
        null,
        null,
        1,
        null,
        null,
        1,
        null,
        null,
        1,
        null,
        null,
        1
      ],
      "/Users/tony/Code/Labs/onuwoe/config/initializers/session_store.rb": [
        null,
        null,
        1
      ],
      "/Users/tony/Code/Labs/onuwoe/config/initializers/wrap_parameters.rb": [
        null,
        null,
        null,
        null,
        null,
        null,
        1,
        2,
        null,
        null,
        null,
        null,
        null,
        null
      ],
      "/Users/tony/Code/Labs/onuwoe/spec/factories/message.rb": [
        1,
        1,
        1,
        null,
        null,
        null
      ],
      "/Users/tony/Code/Labs/onuwoe/spec/factories/player.rb": [
        1,
        1,
        1,
        null,
        null,
        null
      ],
      "/Users/tony/Code/Labs/onuwoe/config/routes.rb": [
        1,
        1,
        1,
        1,
        null,
        1,
        null,
        null,
        1,
        1,
        null,
        1,
        1,
        1,
        null,
        1,
        1,
        null,
        1,
        1,
        1,
        null,
        1,
        1,
        1,
        1,
        null,
        1,
        null,
        1,
        1,
        null
      ],
      "/Users/tony/Code/Labs/onuwoe/app/helpers/application_helper.rb": [
        1,
        null
      ],
      "/Users/tony/Code/Labs/onuwoe/app/helpers/cards_helper.rb": [
        1,
        null
      ],
      "/Users/tony/Code/Labs/onuwoe/app/helpers/games_helper.rb": [
        1,
        null
      ],
      "/Users/tony/Code/Labs/onuwoe/app/helpers/users_helper.rb": [
        1,
        null
      ],
      "/Users/tony/Code/Labs/onuwoe/spec/support/factory_girl.rb": [
        1,
        1,
        null
      ],
      "/Users/tony/Code/Labs/onuwoe/app/controllers/games_controller.rb": [
        1,
        1,
        null,
        1,
        0,
        null,
        null,
        null,
        1,
        2,
        null,
        2,
        null,
        null,
        null,
        1,
        2,
        2,
        2,
        null,
        null,
        null,
        null,
        2,
        1,
        null,
        null,
        null,
        null,
        null,
        null,
        0,
        0,
        null,
        null,
        2,
        null,
        null,
        1,
        0,
        0,
        null,
        0,
        0,
        0,
        null,
        null,
        null,
        0,
        null,
        0,
        null,
        null,
        0,
        null,
        null,
        null,
        0,
        0,
        null,
        null,
        null,
        1,
        0,
        0,
        0,
        null,
        0,
        0,
        null,
        null,
        null,
        1,
        0,
        0,
        0,
        null,
        0,
        0,
        null,
        0,
        0,
        null,
        0,
        0,
        null,
        null,
        null,
        1,
        null,
        0,
        0,
        0,
        null,
        0,
        0,
        0,
        null,
        0,
        0,
        null,
        0,
        0,
        null,
        null,
        null,
        1,
        0,
        0,
        0,
        null,
        0,
        0,
        null,
        0,
        0,
        null,
        null,
        null,
        1,
        0,
        null,
        null,
        1,
        null,
        1,
        0,
        null,
        null,
        null
      ],
      "/Users/tony/Code/Labs/onuwoe/app/controllers/application_controller.rb": [
        1,
        1,
        null,
        1,
        null,
        1,
        0,
        null,
        null,
        1,
        0,
        null,
        null,
        1,
        0,
        null,
        null,
        1,
        4,
        null,
        null
      ],
      "/Users/tony/Code/Labs/onuwoe/app/models/user.rb": [
        1,
        1,
        null,
        1,
        null
      ],
      "/Users/tony/Code/Labs/onuwoe/app/models/application_record.rb": [
        1,
        1,
        null
      ],
      "/Users/tony/Code/Labs/onuwoe/app/models/card.rb": [
        1,
        1,
        null,
        null,
        null,
        null,
        null,
        null,
        null,
        null,
        null
      ],
      "/Users/tony/Code/Labs/onuwoe/app/models/game.rb": [
        1,
        1,
        1,
        1,
        1,
        null,
        1,
        3,
        null,
        null,
        1,
        null,
        1,
        1,
        null,
        1,
        7,
        7,
        7,
        null,
        1,
        null,
        null,
        1,
        2,
        null,
        null,
        1,
        2,
        null,
        null,
        null,
        null,
        null,
        null,
        null,
        null,
        null,
        1,
        4,
        4,
        4,
        4,
        4,
        4,
        4,
        4,
        null,
        null,
        1,
        4,
        null,
        null,
        1,
        null,
        1,
        1,
        null,
        1,
        1,
        null,
        1,
        null,
        null,
        1,
        null,
        1,
        0,
        null,
        null,
        null
      ],
      "/Users/tony/Code/Labs/onuwoe/app/services/game_generator.rb": [
        1,
        1,
        4,
        4,
        4,
        4,
        4,
        4,
        null,
        null
      ],
      "/Users/tony/Code/Labs/onuwoe/app/models/player.rb": [
        1,
        1,
        1,
        1,
        1,
        null
      ],
      "/Users/tony/Code/Labs/onuwoe/app/models/round.rb": [
        1,
        1,
        null,
        1,
        null,
        null,
        0,
        0,
        0,
        0,
        null,
        null,
        null,
        1,
        0,
        0,
        0,
        0,
        null,
        null,
        null,
        1,
        0,
        0,
        0,
        0,
        0,
        0,
        null,
        null,
        null,
        null,
        1,
        0,
        0,
        0,
        null,
        null,
        null,
        1,
        null,
        null,
        0,
        null,
        null,
        1,
        0,
        null,
        null,
        1,
        0,
        null,
        null,
        1,
        0,
        null,
        null,
        1,
        null,
        null,
        null,
        1,
        null,
        null,
        null,
        null,
        null,
        1,
        null,
        null,
        null,
        1,
        null,
        null,
        null,
        1,
        null,
        0,
        null,
        null,
        1,
        0,
        0,
        0,
        0,
        null,
        0,
        null,
        null,
        null,
        1,
        0,
        null,
        null,
        1,
        0,
        0,
        null,
        null,
        null,
        1,
        0,
        null,
        null,
        1,
        0,
        null,
        null,
        1,
        0,
        0,
        null,
        null,
        0,
        null,
        null,
        null,
        1,
        0,
        null,
        null,
        1,
        0,
        0,
        null,
        null,
        0,
        null,
        null,
        null
      ],
      "/Users/tony/Code/Labs/onuwoe/app/models/message.rb": [
        1,
        1,
        1,
        null
      ]
    },
    "timestamp": 1473892819
  }
}
